<?xml version="1.0" encoding="UTF-8"?>
<!-- Generated by org.testng.reporters.JUnitXMLReporter -->
<testsuite ignored="0" hostname="LAPTOP-NN69S4SA" failures="0" tests="2" name="Surefire test" time="103.071" errors="0" timestamp="2024-03-24T15:52:05 PST">
  <testcase classname="io.cucumber.testng.AbstractTestNGCucumberTests" name="runScenario" time="53.357"/>
  <testcase classname="io.cucumber.testng.AbstractTestNGCucumberTests" name="runScenario" time="43.619"/>
</testsuite> <!-- Surefire test -->
