<?xml version="1.0" encoding="UTF-8"?>
<!-- Generated by org.testng.reporters.JUnitXMLReporter -->
<testsuite ignored="0" hostname="LAPTOP-NN69S4SA" failures="0" tests="4" name="Submit Order Test" time="159.167" errors="0" timestamp="2024-03-24T10:11:54 PST">
  <testcase classname="RHA.SeleniumFrameworkDesign.StandAloneTestRefactor" name="submitOrder" time="21.239"/>
  <testcase classname="RHA.SeleniumFrameworkDesign.StandAloneTestRefactor" name="submitOrder" time="6.874"/>
  <testcase classname="RHA.SeleniumFrameworkDesign.StandAloneTestRefactor" name="OrderHistoryTest" time="4.087"/>
  <testcase classname="RHA.SeleniumFrameworkDesign.StandAloneTestRefactor" name="OrderHistoryTest" time="4.827"/>
</testsuite> <!-- Submit Order Test -->
