<?xml version="1.0" encoding="UTF-8"?>
<!-- Generated by org.testng.reporters.JUnitXMLReporter -->
<testsuite ignored="0" hostname="LAPTOP-NN69S4SA" failures="0" tests="4" name="Submit Order Test" time="82.059" errors="0" timestamp="2024-03-24T15:54:14 PST">
  <testcase classname="RHA.SeleniumFrameworkDesign.StandAloneTestRefactor" name="submitOrder" time="13.594"/>
  <testcase classname="RHA.SeleniumFrameworkDesign.StandAloneTestRefactor" name="submitOrder" time="7.466"/>
  <testcase classname="RHA.SeleniumFrameworkDesign.StandAloneTestRefactor" name="OrderHistoryTest" time="3.083"/>
  <testcase classname="RHA.SeleniumFrameworkDesign.StandAloneTestRefactor" name="OrderHistoryTest" time="4.083"/>
</testsuite> <!-- Submit Order Test -->
